2017-10-24 23:25:01.187 ERROR 61327 --- [main] o.s.b.l.LoggingApplicationListener       : Cannot set level: debug   for 'com.ebao.scm.devops'
2017-10-24 23:25:01.251  INFO 61327 --- [main] c.ebao.scm.devops.DevopsAppApplication   : Starting DevopsAppApplication on anchenlins-mbp with PID 61327 (/Users/anchenlin/Documents/dev/IdeaProjects/scm/devops-app/target/classes started by anchenlin in /Users/anchenlin/Documents/dev/IdeaProjects/scm/devops-app)
2017-10-24 23:25:01.252  INFO 61327 --- [main] c.ebao.scm.devops.DevopsAppApplication   : No active profile set, falling back to default profiles: default
2017-10-24 23:25:01.593  INFO 61327 --- [main] ationConfigEmbeddedWebApplicationContext : Refreshing org.springframework.boot.context.embedded.AnnotationConfigEmbeddedWebApplicationContext@3ee0fea4: startup date [Tue Oct 24 23:25:01 CST 2017]; root of context hierarchy
2017-10-24 23:25:02.584  INFO 61327 --- [main] s.b.c.e.t.TomcatEmbeddedServletContainer : Tomcat initialized with port(s): 8080 (http)
2017-10-24 23:25:02.594  INFO 61327 --- [main] o.apache.catalina.core.StandardService   : Starting service [Tomcat]
2017-10-24 23:25:02.596  INFO 61327 --- [main] org.apache.catalina.core.StandardEngine  : Starting Servlet Engine: Apache Tomcat/8.5.23
2017-10-24 23:25:02.670  INFO 61327 --- [localhost-startStop-1] o.a.c.c.C.[Tomcat].[localhost].[/]       : Initializing Spring embedded WebApplicationContext
2017-10-24 23:25:02.670  INFO 61327 --- [localhost-startStop-1] o.s.web.context.ContextLoader            : Root WebApplicationContext: initialization completed in 1080 ms
2017-10-24 23:25:02.800  INFO 61327 --- [localhost-startStop-1] o.s.b.w.servlet.ServletRegistrationBean  : Mapping servlet: 'dispatcherServlet' to [/]
2017-10-24 23:25:02.806  INFO 61327 --- [localhost-startStop-1] o.s.b.w.servlet.FilterRegistrationBean   : Mapping filter: 'characterEncodingFilter' to: [/*]
2017-10-24 23:25:02.806  INFO 61327 --- [localhost-startStop-1] o.s.b.w.servlet.FilterRegistrationBean   : Mapping filter: 'hiddenHttpMethodFilter' to: [/*]
2017-10-24 23:25:02.806  INFO 61327 --- [localhost-startStop-1] o.s.b.w.servlet.FilterRegistrationBean   : Mapping filter: 'httpPutFormContentFilter' to: [/*]
2017-10-24 23:25:02.807  INFO 61327 --- [localhost-startStop-1] o.s.b.w.servlet.FilterRegistrationBean   : Mapping filter: 'requestContextFilter' to: [/*]
2017-10-24 23:25:02.995  WARN 61327 --- [main] o.a.tomcat.jdbc.pool.ConnectionPool      : maxIdle is larger than maxActive, setting maxIdle to: 100
2017-10-24 23:25:03.168  INFO 61327 --- [main] jdbc.connection                          : 1. Connection opened
2017-10-24 23:25:03.169  INFO 61327 --- [main] jdbc.audit                               : 1. Connection.new Connection returned 
2017-10-24 23:25:03.178  INFO 61327 --- [main] jdbc.connection                          : 2. Connection opened
2017-10-24 23:25:03.179  INFO 61327 --- [main] jdbc.audit                               : 2. Connection.new Connection returned 
2017-10-24 23:25:03.186  INFO 61327 --- [main] jdbc.connection                          : 3. Connection opened
2017-10-24 23:25:03.186  INFO 61327 --- [main] jdbc.audit                               : 3. Connection.new Connection returned 
2017-10-24 23:25:03.192  INFO 61327 --- [main] jdbc.connection                          : 4. Connection opened
2017-10-24 23:25:03.192  INFO 61327 --- [main] jdbc.audit                               : 4. Connection.new Connection returned 
2017-10-24 23:25:03.199  INFO 61327 --- [main] jdbc.connection                          : 5. Connection opened
2017-10-24 23:25:03.199  INFO 61327 --- [main] jdbc.audit                               : 5. Connection.new Connection returned 
2017-10-24 23:25:03.208  INFO 61327 --- [main] jdbc.connection                          : 6. Connection opened
2017-10-24 23:25:03.209  INFO 61327 --- [main] jdbc.audit                               : 6. Connection.new Connection returned 
2017-10-24 23:25:03.215  INFO 61327 --- [main] jdbc.connection                          : 7. Connection opened
2017-10-24 23:25:03.215  INFO 61327 --- [main] jdbc.audit                               : 7. Connection.new Connection returned 
2017-10-24 23:25:03.222  INFO 61327 --- [main] jdbc.connection                          : 8. Connection opened
2017-10-24 23:25:03.222  INFO 61327 --- [main] jdbc.audit                               : 8. Connection.new Connection returned 
2017-10-24 23:25:03.228  INFO 61327 --- [main] jdbc.connection                          : 9. Connection opened
2017-10-24 23:25:03.228  INFO 61327 --- [main] jdbc.audit                               : 9. Connection.new Connection returned 
2017-10-24 23:25:03.233  INFO 61327 --- [main] jdbc.connection                          : 10. Connection opened
2017-10-24 23:25:03.234  INFO 61327 --- [main] jdbc.audit                               : 10. Connection.new Connection returned 
2017-10-24 23:25:03.239  INFO 61327 --- [main] jdbc.connection                          : 11. Connection opened
2017-10-24 23:25:03.239  INFO 61327 --- [main] jdbc.audit                               : 11. Connection.new Connection returned 
2017-10-24 23:25:03.247  INFO 61327 --- [main] jdbc.connection                          : 12. Connection opened
2017-10-24 23:25:03.247  INFO 61327 --- [main] jdbc.audit                               : 12. Connection.new Connection returned 
2017-10-24 23:25:03.254  INFO 61327 --- [main] jdbc.connection                          : 13. Connection opened
2017-10-24 23:25:03.255  INFO 61327 --- [main] jdbc.audit                               : 13. Connection.new Connection returned 
2017-10-24 23:25:03.263  INFO 61327 --- [main] jdbc.connection                          : 14. Connection opened
2017-10-24 23:25:03.264  INFO 61327 --- [main] jdbc.audit                               : 14. Connection.new Connection returned 
2017-10-24 23:25:03.272  INFO 61327 --- [main] jdbc.connection                          : 15. Connection opened
2017-10-24 23:25:03.272  INFO 61327 --- [main] jdbc.audit                               : 15. Connection.new Connection returned 
2017-10-24 23:25:03.280  INFO 61327 --- [main] jdbc.connection                          : 16. Connection opened
2017-10-24 23:25:03.280  INFO 61327 --- [main] jdbc.audit                               : 16. Connection.new Connection returned 
2017-10-24 23:25:03.287  INFO 61327 --- [main] jdbc.connection                          : 17. Connection opened
2017-10-24 23:25:03.287  INFO 61327 --- [main] jdbc.audit                               : 17. Connection.new Connection returned 
2017-10-24 23:25:03.293  INFO 61327 --- [main] jdbc.connection                          : 18. Connection opened
2017-10-24 23:25:03.293  INFO 61327 --- [main] jdbc.audit                               : 18. Connection.new Connection returned 
2017-10-24 23:25:03.302  INFO 61327 --- [main] jdbc.connection                          : 19. Connection opened
2017-10-24 23:25:03.302  INFO 61327 --- [main] jdbc.audit                               : 19. Connection.new Connection returned 
2017-10-24 23:25:03.307  INFO 61327 --- [main] jdbc.connection                          : 20. Connection opened
2017-10-24 23:25:03.307  INFO 61327 --- [main] jdbc.audit                               : 20. Connection.new Connection returned 
2017-10-24 23:25:03.312  INFO 61327 --- [main] jdbc.audit                               : 20. Connection.getMetaData() returned com.mysql.jdbc.JDBC4DatabaseMetaData@573284a5
2017-10-24 23:25:03.330  INFO 61327 --- [main] j.LocalContainerEntityManagerFactoryBean : Building JPA container EntityManagerFactory for persistence unit 'default'
2017-10-24 23:25:03.339  INFO 61327 --- [main] o.hibernate.jpa.internal.util.LogHelper  : HHH000204: Processing PersistenceUnitInfo [
	name: default
	...]
2017-10-24 23:25:03.377  INFO 61327 --- [main] org.hibernate.Version                    : HHH000412: Hibernate Core {5.0.12.Final}
2017-10-24 23:25:03.378  INFO 61327 --- [main] org.hibernate.cfg.Environment            : HHH000206: hibernate.properties not found
2017-10-24 23:25:03.379  INFO 61327 --- [main] org.hibernate.cfg.Environment            : HHH000021: Bytecode provider name : javassist
2017-10-24 23:25:03.414  INFO 61327 --- [main] o.hibernate.annotations.common.Version   : HCANN000001: Hibernate Commons Annotations {5.0.1.Final}
2017-10-24 23:25:03.500  INFO 61327 --- [main] jdbc.audit                               : 20. Connection.getMetaData() returned com.mysql.jdbc.JDBC4DatabaseMetaData@1c7f96b1
2017-10-24 23:25:03.504  INFO 61327 --- [main] org.hibernate.dialect.Dialect            : HHH000400: Using dialect: org.hibernate.dialect.MySQL5Dialect
2017-10-24 23:25:03.792  INFO 61327 --- [main] org.hibernate.tool.hbm2ddl.SchemaUpdate  : HHH000228: Running hbm2ddl schema update
2017-10-24 23:25:03.796  INFO 61327 --- [main] jdbc.audit                               : 20. Connection.setAutoCommit(true) returned 
2017-10-24 23:25:03.797  INFO 61327 --- [main] jdbc.audit                               : 20. Statement.new Statement returned 
2017-10-24 23:25:03.797  INFO 61327 --- [main] jdbc.audit                               : 20. Connection.createStatement() returned net.sf.log4jdbc.sql.jdbcapi.StatementSpy@54089484
2017-10-24 23:25:03.799  INFO 61327 --- [main] jdbc.audit                               : 19. Connection.getMetaData() returned com.mysql.jdbc.JDBC4DatabaseMetaData@5b5dce5c
2017-10-24 23:25:03.813  INFO 61327 --- [main] jdbc.audit                               : 20. Statement.close() returned 
2017-10-24 23:25:03.816  INFO 61327 --- [main] o.h.h.i.QueryTranslatorFactoryInitiator  : HHH000397: Using ASTQueryTranslatorFactory
2017-10-24 23:25:03.868  INFO 61327 --- [main] j.LocalContainerEntityManagerFactoryBean : Initialized JPA EntityManagerFactory for persistence unit 'default'
2017-10-24 23:25:04.236  INFO 61327 --- [main] s.w.s.m.m.a.RequestMappingHandlerAdapter : Looking for @ControllerAdvice: org.springframework.boot.context.embedded.AnnotationConfigEmbeddedWebApplicationContext@3ee0fea4: startup date [Tue Oct 24 23:25:01 CST 2017]; root of context hierarchy
2017-10-24 23:25:04.278  INFO 61327 --- [main] s.w.s.m.m.a.RequestMappingHandlerMapping : Mapped "{[/]}" onto private java.lang.String com.ebao.scm.devops.DevopsAppApplication.index(java.lang.String)
2017-10-24 23:25:04.279  INFO 61327 --- [main] s.w.s.m.m.a.RequestMappingHandlerMapping : Mapped "{[/save]}" onto public com.ebao.scm.devops.model.Person com.ebao.scm.devops.controller.DataController.save(java.lang.String,java.lang.String,java.lang.Integer)
2017-10-24 23:25:04.279  INFO 61327 --- [main] s.w.s.m.m.a.RequestMappingHandlerMapping : Mapped "{[/sort]}" onto public java.util.List<com.ebao.scm.devops.model.Person> com.ebao.scm.devops.controller.DataController.sort()
2017-10-24 23:25:04.279  INFO 61327 --- [main] s.w.s.m.m.a.RequestMappingHandlerMapping : Mapped "{[/q4]}" onto public java.util.List<com.ebao.scm.devops.model.Person> com.ebao.scm.devops.controller.DataController.q4(java.lang.String,java.lang.String)
2017-10-24 23:25:04.280  INFO 61327 --- [main] s.w.s.m.m.a.RequestMappingHandlerMapping : Mapped "{[/page]}" onto public org.springframework.data.domain.Page<com.ebao.scm.devops.model.Person> com.ebao.scm.devops.controller.DataController.page()
2017-10-24 23:25:04.280  INFO 61327 --- [main] s.w.s.m.m.a.RequestMappingHandlerMapping : Mapped "{[/q1]}" onto public java.util.List<com.ebao.scm.devops.model.Person> com.ebao.scm.devops.controller.DataController.q1(java.lang.String)
2017-10-24 23:25:04.280  INFO 61327 --- [main] s.w.s.m.m.a.RequestMappingHandlerMapping : Mapped "{[/q2]}" onto public com.ebao.scm.devops.model.Person com.ebao.scm.devops.controller.DataController.q2(java.lang.String,java.lang.String)
2017-10-24 23:25:04.280  INFO 61327 --- [main] s.w.s.m.m.a.RequestMappingHandlerMapping : Mapped "{[/q3]}" onto public com.ebao.scm.devops.model.Person com.ebao.scm.devops.controller.DataController.q3(java.lang.String,java.lang.String)
2017-10-24 23:25:04.282  INFO 61327 --- [main] s.w.s.m.m.a.RequestMappingHandlerMapping : Mapped "{[/error]}" onto public org.springframework.http.ResponseEntity<java.util.Map<java.lang.String, java.lang.Object>> org.springframework.boot.autoconfigure.web.BasicErrorController.error(javax.servlet.http.HttpServletRequest)
2017-10-24 23:25:04.282  INFO 61327 --- [main] s.w.s.m.m.a.RequestMappingHandlerMapping : Mapped "{[/error],produces=[text/html]}" onto public org.springframework.web.servlet.ModelAndView org.springframework.boot.autoconfigure.web.BasicErrorController.errorHtml(javax.servlet.http.HttpServletRequest,javax.servlet.http.HttpServletResponse)
2017-10-24 23:25:04.301  INFO 61327 --- [main] o.s.w.s.handler.SimpleUrlHandlerMapping  : Mapped URL path [/webjars/**] onto handler of type [class org.springframework.web.servlet.resource.ResourceHttpRequestHandler]
2017-10-24 23:25:04.302  INFO 61327 --- [main] o.s.w.s.handler.SimpleUrlHandlerMapping  : Mapped URL path [/**] onto handler of type [class org.springframework.web.servlet.resource.ResourceHttpRequestHandler]
2017-10-24 23:25:04.333  INFO 61327 --- [main] o.s.w.s.handler.SimpleUrlHandlerMapping  : Mapped URL path [/**/favicon.ico] onto handler of type [class org.springframework.web.servlet.resource.ResourceHttpRequestHandler]
2017-10-24 23:25:04.352  WARN 61327 --- [main] .t.AbstractTemplateResolverConfiguration : Cannot find template location: classpath:/templates/ (please add some templates or check your Thymeleaf configuration)
2017-10-24 23:25:04.661  INFO 61327 --- [main] o.s.j.e.a.AnnotationMBeanExporter        : Registering beans for JMX exposure on startup
2017-10-24 23:25:04.701  INFO 61327 --- [main] s.b.c.e.t.TomcatEmbeddedServletContainer : Tomcat started on port(s): 8080 (http)
2017-10-24 23:25:04.704  INFO 61327 --- [main] c.ebao.scm.devops.DevopsAppApplication   : Started DevopsAppApplication in 3.774 seconds (JVM running for 4.327)
2017-10-24 23:25:15.628  INFO 61327 --- [http-nio-8080-exec-1] o.a.c.c.C.[Tomcat].[localhost].[/]       : Initializing Spring FrameworkServlet 'dispatcherServlet'
2017-10-24 23:25:15.628  INFO 61327 --- [http-nio-8080-exec-1] o.s.web.servlet.DispatcherServlet        : FrameworkServlet 'dispatcherServlet': initialization started
2017-10-24 23:25:15.640  INFO 61327 --- [http-nio-8080-exec-1] o.s.web.servlet.DispatcherServlet        : FrameworkServlet 'dispatcherServlet': initialization completed in 11 ms
2017-10-24 23:25:15.678  INFO 61327 --- [http-nio-8080-exec-1] jdbc.audit                               : 19. PreparedStatement.new PreparedStatement returned 
2017-10-24 23:25:15.679  INFO 61327 --- [http-nio-8080-exec-1] jdbc.audit                               : 19. Connection.prepareStatement(select person0_.id as id1_0_, person0_.address as address2_0_, person0_.age as age3_0_, person0_.name as name4_0_ from person person0_ where person0_.address=?) returned net.sf.log4jdbc.sql.jdbcapi.PreparedStatementSpy@10995a11
2017-10-24 23:25:15.684  INFO 61327 --- [http-nio-8080-exec-1] jdbc.audit                               : 19. PreparedStatement.setString(1, "南门") returned 
2017-10-24 23:25:15.685  INFO 61327 --- [http-nio-8080-exec-1] jdbc.audit                               : 19. PreparedStatement.isWrapperFor(java.sql.CallableStatement) returned false
2017-10-24 23:25:15.685  INFO 61327 --- [http-nio-8080-exec-1] jdbc.sqlonly                             : select person0_.id as id1_0_, person0_.address as address2_0_, person0_.age as age3_0_, person0_.name 
as name4_0_ from person person0_ where person0_.address='南门' 

2017-10-24 23:25:15.686  INFO 61327 --- [http-nio-8080-exec-1] jdbc.sqltiming                           : select person0_.id as id1_0_, person0_.address as address2_0_, person0_.age as age3_0_, person0_.name 
as name4_0_ from person person0_ where person0_.address='南门' 
 {executed in 1 msec}
2017-10-24 23:25:15.688  INFO 61327 --- [http-nio-8080-exec-1] jdbc.resultset                           : 19. ResultSet.new ResultSet returned 
2017-10-24 23:25:15.689  INFO 61327 --- [http-nio-8080-exec-1] jdbc.audit                               : 19. PreparedStatement.executeQuery() returned net.sf.log4jdbc.sql.jdbcapi.ResultSetSpy@1529025b
2017-10-24 23:25:15.689  INFO 61327 --- [http-nio-8080-exec-1] jdbc.resultset                           : 19. ResultSet.next() returned true
2017-10-24 23:25:15.690  INFO 61327 --- [http-nio-8080-exec-1] jdbc.resultset                           : 19. ResultSet.getString(id1_0_) returned 3
2017-10-24 23:25:15.690  INFO 61327 --- [http-nio-8080-exec-1] jdbc.resultset                           : 19. ResultSet.wasNull() returned false
2017-10-24 23:25:15.693  INFO 61327 --- [http-nio-8080-exec-1] jdbc.resultset                           : 19. ResultSet.getString(address2_0_) returned 南门
2017-10-24 23:25:15.693  INFO 61327 --- [http-nio-8080-exec-1] jdbc.resultset                           : 19. ResultSet.wasNull() returned false
2017-10-24 23:25:15.693  INFO 61327 --- [http-nio-8080-exec-1] jdbc.resultset                           : 19. ResultSet.getInt(age3_0_) returned 7
2017-10-24 23:25:15.693  INFO 61327 --- [http-nio-8080-exec-1] jdbc.resultset                           : 19. ResultSet.wasNull() returned false
2017-10-24 23:25:15.693  INFO 61327 --- [http-nio-8080-exec-1] jdbc.resultset                           : 19. ResultSet.getString(name4_0_) returned dylan
2017-10-24 23:25:15.693  INFO 61327 --- [http-nio-8080-exec-1] jdbc.resultset                           : 19. ResultSet.wasNull() returned false
2017-10-24 23:25:15.695  INFO 61327 --- [http-nio-8080-exec-1] jdbc.resultsettable                      : 
|---|--------|----|------|
|id |address |age |name  |
|---|--------|----|------|
|3  |南门      |7   |dylan |
|---|--------|----|------|

2017-10-24 23:25:15.695  INFO 61327 --- [http-nio-8080-exec-1] jdbc.resultset                           : 19. ResultSet.next() returned false
2017-10-24 23:25:15.697  INFO 61327 --- [http-nio-8080-exec-1] jdbc.resultset                           : 19. ResultSet.close() returned void
2017-10-24 23:25:15.697  INFO 61327 --- [http-nio-8080-exec-1] jdbc.audit                               : 19. PreparedStatement.getMaxRows() returned 0
2017-10-24 23:25:15.697  INFO 61327 --- [http-nio-8080-exec-1] jdbc.audit                               : 19. PreparedStatement.getQueryTimeout() returned 0
2017-10-24 23:25:15.697  INFO 61327 --- [http-nio-8080-exec-1] jdbc.audit                               : 19. PreparedStatement.close() returned 
2017-10-24 23:25:15.736  INFO 61327 --- [http-nio-8080-exec-1] jdbc.audit                               : 19. Connection.getWarnings() returned null
2017-10-24 23:25:15.736  INFO 61327 --- [http-nio-8080-exec-1] jdbc.audit                               : 19. Connection.clearWarnings() returned 
2017-10-24 23:26:08.041  INFO 61327 --- [Tomcat JDBC Pool Cleaner[1984697014:1508858702996]] jdbc.connection                          : 20. Connection closed
2017-10-24 23:26:08.041  INFO 61327 --- [Tomcat JDBC Pool Cleaner[1984697014:1508858702996]] jdbc.audit                               : 20. Connection.close() returned 
2017-10-24 23:26:08.041  INFO 61327 --- [Tomcat JDBC Pool Cleaner[1984697014:1508858702996]] jdbc.connection                          : 18. Connection closed
2017-10-24 23:26:08.041  INFO 61327 --- [Tomcat JDBC Pool Cleaner[1984697014:1508858702996]] jdbc.audit                               : 18. Connection.close() returned 
2017-10-24 23:26:08.042  INFO 61327 --- [Tomcat JDBC Pool Cleaner[1984697014:1508858702996]] jdbc.connection                          : 17. Connection closed
2017-10-24 23:26:08.042  INFO 61327 --- [Tomcat JDBC Pool Cleaner[1984697014:1508858702996]] jdbc.audit                               : 17. Connection.close() returned 
2017-10-24 23:26:08.042  INFO 61327 --- [Tomcat JDBC Pool Cleaner[1984697014:1508858702996]] jdbc.connection                          : 16. Connection closed
2017-10-24 23:26:08.042  INFO 61327 --- [Tomcat JDBC Pool Cleaner[1984697014:1508858702996]] jdbc.audit                               : 16. Connection.close() returned 
2017-10-24 23:26:08.043  INFO 61327 --- [Tomcat JDBC Pool Cleaner[1984697014:1508858702996]] jdbc.connection                          : 15. Connection closed
2017-10-24 23:26:08.043  INFO 61327 --- [Tomcat JDBC Pool Cleaner[1984697014:1508858702996]] jdbc.audit                               : 15. Connection.close() returned 
2017-10-24 23:26:08.043  INFO 61327 --- [Tomcat JDBC Pool Cleaner[1984697014:1508858702996]] jdbc.connection                          : 14. Connection closed
2017-10-24 23:26:08.043  INFO 61327 --- [Tomcat JDBC Pool Cleaner[1984697014:1508858702996]] jdbc.audit                               : 14. Connection.close() returned 
2017-10-24 23:26:08.044  INFO 61327 --- [Tomcat JDBC Pool Cleaner[1984697014:1508858702996]] jdbc.connection                          : 13. Connection closed
2017-10-24 23:26:08.045  INFO 61327 --- [Tomcat JDBC Pool Cleaner[1984697014:1508858702996]] jdbc.audit                               : 13. Connection.close() returned 
2017-10-24 23:26:08.045  INFO 61327 --- [Tomcat JDBC Pool Cleaner[1984697014:1508858702996]] jdbc.connection                          : 12. Connection closed
2017-10-24 23:26:08.045  INFO 61327 --- [Tomcat JDBC Pool Cleaner[1984697014:1508858702996]] jdbc.audit                               : 12. Connection.close() returned 
2017-10-24 23:26:08.045  INFO 61327 --- [Tomcat JDBC Pool Cleaner[1984697014:1508858702996]] jdbc.connection                          : 11. Connection closed
2017-10-24 23:26:08.045  INFO 61327 --- [Tomcat JDBC Pool Cleaner[1984697014:1508858702996]] jdbc.audit                               : 11. Connection.close() returned 
2017-10-24 23:26:08.045  INFO 61327 --- [Tomcat JDBC Pool Cleaner[1984697014:1508858702996]] jdbc.connection                          : 10. Connection closed
2017-10-24 23:26:08.045  INFO 61327 --- [Tomcat JDBC Pool Cleaner[1984697014:1508858702996]] jdbc.audit                               : 10. Connection.close() returned 
2017-10-24 23:26:27.276  INFO 61327 --- [Thread-12] ationConfigEmbeddedWebApplicationContext : Closing org.springframework.boot.context.embedded.AnnotationConfigEmbeddedWebApplicationContext@3ee0fea4: startup date [Tue Oct 24 23:25:01 CST 2017]; root of context hierarchy
2017-10-24 23:26:27.279  INFO 61327 --- [Thread-12] o.s.j.e.a.AnnotationMBeanExporter        : Unregistering JMX-exposed beans on shutdown
2017-10-24 23:26:27.284  INFO 61327 --- [Thread-12] j.LocalContainerEntityManagerFactoryBean : Closing JPA EntityManagerFactory for persistence unit 'default'
2017-10-24 23:26:27.287  INFO 61327 --- [Thread-12] jdbc.connection                          : 19. Connection closed
2017-10-24 23:26:27.287  INFO 61327 --- [Thread-12] jdbc.audit                               : 19. Connection.close() returned 
2017-10-24 23:26:27.288  INFO 61327 --- [Thread-12] jdbc.connection                          : 9. Connection closed
2017-10-24 23:26:27.288  INFO 61327 --- [Thread-12] jdbc.audit                               : 9. Connection.close() returned 
2017-10-24 23:26:27.288  INFO 61327 --- [Thread-12] jdbc.connection                          : 8. Connection closed
2017-10-24 23:26:27.288  INFO 61327 --- [Thread-12] jdbc.audit                               : 8. Connection.close() returned 
2017-10-24 23:26:27.288  INFO 61327 --- [Thread-12] jdbc.connection                          : 7. Connection closed
2017-10-24 23:26:27.288  INFO 61327 --- [Thread-12] jdbc.audit                               : 7. Connection.close() returned 
2017-10-24 23:26:27.288  INFO 61327 --- [Thread-12] jdbc.connection                          : 6. Connection closed
2017-10-24 23:26:27.288  INFO 61327 --- [Thread-12] jdbc.audit                               : 6. Connection.close() returned 
2017-10-24 23:26:27.288  INFO 61327 --- [Thread-12] jdbc.connection                          : 5. Connection closed
2017-10-24 23:26:27.288  INFO 61327 --- [Thread-12] jdbc.audit                               : 5. Connection.close() returned 
2017-10-24 23:26:27.288  INFO 61327 --- [Thread-12] jdbc.connection                          : 4. Connection closed
2017-10-24 23:26:27.288  INFO 61327 --- [Thread-12] jdbc.audit                               : 4. Connection.close() returned 
2017-10-24 23:26:27.288  INFO 61327 --- [Thread-12] jdbc.connection                          : 3. Connection closed
2017-10-24 23:26:27.289  INFO 61327 --- [Thread-12] jdbc.audit                               : 3. Connection.close() returned 
2017-10-24 23:26:27.289  INFO 61327 --- [Thread-12] jdbc.connection                          : 2. Connection closed
2017-10-24 23:26:27.289  INFO 61327 --- [Thread-12] jdbc.audit                               : 2. Connection.close() returned 
2017-10-24 23:26:27.289  INFO 61327 --- [Thread-12] jdbc.connection                          : 1. Connection closed
2017-10-24 23:26:27.289  INFO 61327 --- [Thread-12] jdbc.audit                               : 1. Connection.close() returned 
2017-10-24 23:26:30.378 ERROR 61331 --- [main] o.s.b.l.LoggingApplicationListener       : Cannot set level: debug   for 'com.ebao.scm.devops'
2017-10-24 23:26:30.472  INFO 61331 --- [main] c.ebao.scm.devops.DevopsAppApplication   : Starting DevopsAppApplication on anchenlins-mbp with PID 61331 (/Users/anchenlin/Documents/dev/IdeaProjects/scm/devops-app/target/classes started by anchenlin in /Users/anchenlin/Documents/dev/IdeaProjects/scm/devops-app)
2017-10-24 23:26:30.475  INFO 61331 --- [main] c.ebao.scm.devops.DevopsAppApplication   : No active profile set, falling back to default profiles: default
2017-10-24 23:26:30.768  INFO 61331 --- [main] ationConfigEmbeddedWebApplicationContext : Refreshing org.springframework.boot.context.embedded.AnnotationConfigEmbeddedWebApplicationContext@3ee0fea4: startup date [Tue Oct 24 23:26:30 CST 2017]; root of context hierarchy
2017-10-24 23:26:31.927  INFO 61331 --- [main] s.b.c.e.t.TomcatEmbeddedServletContainer : Tomcat initialized with port(s): 8080 (http)
2017-10-24 23:26:31.945  INFO 61331 --- [main] o.apache.catalina.core.StandardService   : Starting service [Tomcat]
2017-10-24 23:26:31.946  INFO 61331 --- [main] org.apache.catalina.core.StandardEngine  : Starting Servlet Engine: Apache Tomcat/8.5.23
2017-10-24 23:26:32.048  INFO 61331 --- [localhost-startStop-1] o.a.c.c.C.[Tomcat].[localhost].[/]       : Initializing Spring embedded WebApplicationContext
2017-10-24 23:26:32.048  INFO 61331 --- [localhost-startStop-1] o.s.web.context.ContextLoader            : Root WebApplicationContext: initialization completed in 1284 ms
2017-10-24 23:26:32.124  INFO 61331 --- [localhost-startStop-1] o.s.b.w.servlet.ServletRegistrationBean  : Mapping servlet: 'dispatcherServlet' to [/]
2017-10-24 23:26:32.127  INFO 61331 --- [localhost-startStop-1] o.s.b.w.servlet.FilterRegistrationBean   : Mapping filter: 'characterEncodingFilter' to: [/*]
2017-10-24 23:26:32.127  INFO 61331 --- [localhost-startStop-1] o.s.b.w.servlet.FilterRegistrationBean   : Mapping filter: 'hiddenHttpMethodFilter' to: [/*]
2017-10-24 23:26:32.127  INFO 61331 --- [localhost-startStop-1] o.s.b.w.servlet.FilterRegistrationBean   : Mapping filter: 'httpPutFormContentFilter' to: [/*]
2017-10-24 23:26:32.127  INFO 61331 --- [localhost-startStop-1] o.s.b.w.servlet.FilterRegistrationBean   : Mapping filter: 'requestContextFilter' to: [/*]
2017-10-24 23:26:32.329  WARN 61331 --- [main] o.a.tomcat.jdbc.pool.ConnectionPool      : maxIdle is larger than maxActive, setting maxIdle to: 100
2017-10-24 23:26:32.491  INFO 61331 --- [main] jdbc.connection                          : 1. Connection opened
2017-10-24 23:26:32.491  INFO 61331 --- [main] jdbc.audit                               : 1. Connection.new Connection returned 
2017-10-24 23:26:32.499  INFO 61331 --- [main] jdbc.connection                          : 2. Connection opened
2017-10-24 23:26:32.499  INFO 61331 --- [main] jdbc.audit                               : 2. Connection.new Connection returned 
2017-10-24 23:26:32.505  INFO 61331 --- [main] jdbc.connection                          : 3. Connection opened
2017-10-24 23:26:32.505  INFO 61331 --- [main] jdbc.audit                               : 3. Connection.new Connection returned 
2017-10-24 23:26:32.510  INFO 61331 --- [main] jdbc.connection                          : 4. Connection opened
2017-10-24 23:26:32.510  INFO 61331 --- [main] jdbc.audit                               : 4. Connection.new Connection returned 
2017-10-24 23:26:32.516  INFO 61331 --- [main] jdbc.connection                          : 5. Connection opened
2017-10-24 23:26:32.516  INFO 61331 --- [main] jdbc.audit                               : 5. Connection.new Connection returned 
2017-10-24 23:26:32.524  INFO 61331 --- [main] jdbc.connection                          : 6. Connection opened
2017-10-24 23:26:32.524  INFO 61331 --- [main] jdbc.audit                               : 6. Connection.new Connection returned 
2017-10-24 23:26:32.530  INFO 61331 --- [main] jdbc.connection                          : 7. Connection opened
2017-10-24 23:26:32.530  INFO 61331 --- [main] jdbc.audit                               : 7. Connection.new Connection returned 
2017-10-24 23:26:32.538  INFO 61331 --- [main] jdbc.connection                          : 8. Connection opened
2017-10-24 23:26:32.539  INFO 61331 --- [main] jdbc.audit                               : 8. Connection.new Connection returned 
2017-10-24 23:26:32.550  INFO 61331 --- [main] jdbc.connection                          : 9. Connection opened
2017-10-24 23:26:32.550  INFO 61331 --- [main] jdbc.audit                               : 9. Connection.new Connection returned 
2017-10-24 23:26:32.560  INFO 61331 --- [main] jdbc.connection                          : 10. Connection opened
2017-10-24 23:26:32.560  INFO 61331 --- [main] jdbc.audit                               : 10. Connection.new Connection returned 
2017-10-24 23:26:32.566  INFO 61331 --- [main] jdbc.connection                          : 11. Connection opened
2017-10-24 23:26:32.567  INFO 61331 --- [main] jdbc.audit                               : 11. Connection.new Connection returned 
2017-10-24 23:26:32.572  INFO 61331 --- [main] jdbc.connection                          : 12. Connection opened
2017-10-24 23:26:32.572  INFO 61331 --- [main] jdbc.audit                               : 12. Connection.new Connection returned 
2017-10-24 23:26:32.579  INFO 61331 --- [main] jdbc.connection                          : 13. Connection opened
2017-10-24 23:26:32.579  INFO 61331 --- [main] jdbc.audit                               : 13. Connection.new Connection returned 
2017-10-24 23:26:32.590  INFO 61331 --- [main] jdbc.connection                          : 14. Connection opened
2017-10-24 23:26:32.591  INFO 61331 --- [main] jdbc.audit                               : 14. Connection.new Connection returned 
2017-10-24 23:26:32.598  INFO 61331 --- [main] jdbc.connection                          : 15. Connection opened
2017-10-24 23:26:32.602  INFO 61331 --- [main] jdbc.audit                               : 15. Connection.new Connection returned 
2017-10-24 23:26:32.610  INFO 61331 --- [main] jdbc.connection                          : 16. Connection opened
2017-10-24 23:26:32.611  INFO 61331 --- [main] jdbc.audit                               : 16. Connection.new Connection returned 
2017-10-24 23:26:32.623  INFO 61331 --- [main] jdbc.connection                          : 17. Connection opened
2017-10-24 23:26:32.623  INFO 61331 --- [main] jdbc.audit                               : 17. Connection.new Connection returned 
2017-10-24 23:26:32.632  INFO 61331 --- [main] jdbc.connection                          : 18. Connection opened
2017-10-24 23:26:32.633  INFO 61331 --- [main] jdbc.audit                               : 18. Connection.new Connection returned 
2017-10-24 23:26:32.642  INFO 61331 --- [main] jdbc.connection                          : 19. Connection opened
2017-10-24 23:26:32.642  INFO 61331 --- [main] jdbc.audit                               : 19. Connection.new Connection returned 
2017-10-24 23:26:32.651  INFO 61331 --- [main] jdbc.connection                          : 20. Connection opened
2017-10-24 23:26:32.651  INFO 61331 --- [main] jdbc.audit                               : 20. Connection.new Connection returned 
2017-10-24 23:26:32.656  INFO 61331 --- [main] jdbc.audit                               : 20. Connection.getMetaData() returned com.mysql.jdbc.JDBC4DatabaseMetaData@23940f86
2017-10-24 23:26:32.674  INFO 61331 --- [main] j.LocalContainerEntityManagerFactoryBean : Building JPA container EntityManagerFactory for persistence unit 'default'
2017-10-24 23:26:32.682  INFO 61331 --- [main] o.hibernate.jpa.internal.util.LogHelper  : HHH000204: Processing PersistenceUnitInfo [
	name: default
	...]
2017-10-24 23:26:32.721  INFO 61331 --- [main] org.hibernate.Version                    : HHH000412: Hibernate Core {5.0.12.Final}
2017-10-24 23:26:32.722  INFO 61331 --- [main] org.hibernate.cfg.Environment            : HHH000206: hibernate.properties not found
2017-10-24 23:26:32.722  INFO 61331 --- [main] org.hibernate.cfg.Environment            : HHH000021: Bytecode provider name : javassist
2017-10-24 23:26:32.744  INFO 61331 --- [main] o.hibernate.annotations.common.Version   : HCANN000001: Hibernate Commons Annotations {5.0.1.Final}
2017-10-24 23:26:32.828  INFO 61331 --- [main] jdbc.audit                               : 20. Connection.getMetaData() returned com.mysql.jdbc.JDBC4DatabaseMetaData@2133661d
2017-10-24 23:26:32.837  INFO 61331 --- [main] org.hibernate.dialect.Dialect            : HHH000400: Using dialect: org.hibernate.dialect.MySQL5Dialect
2017-10-24 23:26:33.131  INFO 61331 --- [main] org.hibernate.tool.hbm2ddl.SchemaUpdate  : HHH000228: Running hbm2ddl schema update
2017-10-24 23:26:33.135  INFO 61331 --- [main] jdbc.audit                               : 20. Connection.setAutoCommit(true) returned 
2017-10-24 23:26:33.136  INFO 61331 --- [main] jdbc.audit                               : 20. Statement.new Statement returned 
2017-10-24 23:26:33.136  INFO 61331 --- [main] jdbc.audit                               : 20. Connection.createStatement() returned net.sf.log4jdbc.sql.jdbcapi.StatementSpy@2f14b0f6
2017-10-24 23:26:33.138  INFO 61331 --- [main] jdbc.audit                               : 19. Connection.getMetaData() returned com.mysql.jdbc.JDBC4DatabaseMetaData@670f2466
2017-10-24 23:26:33.153  INFO 61331 --- [main] jdbc.audit                               : 20. Statement.close() returned 
2017-10-24 23:26:33.156  INFO 61331 --- [main] o.h.h.i.QueryTranslatorFactoryInitiator  : HHH000397: Using ASTQueryTranslatorFactory
2017-10-24 23:26:33.207  INFO 61331 --- [main] j.LocalContainerEntityManagerFactoryBean : Initialized JPA EntityManagerFactory for persistence unit 'default'
2017-10-24 23:26:33.546  INFO 61331 --- [main] s.w.s.m.m.a.RequestMappingHandlerAdapter : Looking for @ControllerAdvice: org.springframework.boot.context.embedded.AnnotationConfigEmbeddedWebApplicationContext@3ee0fea4: startup date [Tue Oct 24 23:26:30 CST 2017]; root of context hierarchy
2017-10-24 23:26:33.581  INFO 61331 --- [main] s.w.s.m.m.a.RequestMappingHandlerMapping : Mapped "{[/]}" onto private java.lang.String com.ebao.scm.devops.DevopsAppApplication.index(java.lang.String)
2017-10-24 23:26:33.582  INFO 61331 --- [main] s.w.s.m.m.a.RequestMappingHandlerMapping : Mapped "{[/save]}" onto public com.ebao.scm.devops.model.Person com.ebao.scm.devops.controller.DataController.save(java.lang.String,java.lang.String,java.lang.Integer)
2017-10-24 23:26:33.582  INFO 61331 --- [main] s.w.s.m.m.a.RequestMappingHandlerMapping : Mapped "{[/sort]}" onto public java.util.List<com.ebao.scm.devops.model.Person> com.ebao.scm.devops.controller.DataController.sort()
2017-10-24 23:26:33.582  INFO 61331 --- [main] s.w.s.m.m.a.RequestMappingHandlerMapping : Mapped "{[/q4]}" onto public java.util.List<com.ebao.scm.devops.model.Person> com.ebao.scm.devops.controller.DataController.q4(java.lang.String,java.lang.String)
2017-10-24 23:26:33.582  INFO 61331 --- [main] s.w.s.m.m.a.RequestMappingHandlerMapping : Mapped "{[/q1]}" onto public java.util.List<com.ebao.scm.devops.model.Person> com.ebao.scm.devops.controller.DataController.q1(java.lang.String)
2017-10-24 23:26:33.582  INFO 61331 --- [main] s.w.s.m.m.a.RequestMappingHandlerMapping : Mapped "{[/q2]}" onto public com.ebao.scm.devops.model.Person com.ebao.scm.devops.controller.DataController.q2(java.lang.String,java.lang.String)
2017-10-24 23:26:33.583  INFO 61331 --- [main] s.w.s.m.m.a.RequestMappingHandlerMapping : Mapped "{[/q3]}" onto public com.ebao.scm.devops.model.Person com.ebao.scm.devops.controller.DataController.q3(java.lang.String,java.lang.String)
2017-10-24 23:26:33.583  INFO 61331 --- [main] s.w.s.m.m.a.RequestMappingHandlerMapping : Mapped "{[/page]}" onto public org.springframework.data.domain.Page<com.ebao.scm.devops.model.Person> com.ebao.scm.devops.controller.DataController.page()
2017-10-24 23:26:33.584  INFO 61331 --- [main] s.w.s.m.m.a.RequestMappingHandlerMapping : Mapped "{[/error]}" onto public org.springframework.http.ResponseEntity<java.util.Map<java.lang.String, java.lang.Object>> org.springframework.boot.autoconfigure.web.BasicErrorController.error(javax.servlet.http.HttpServletRequest)
2017-10-24 23:26:33.585  INFO 61331 --- [main] s.w.s.m.m.a.RequestMappingHandlerMapping : Mapped "{[/error],produces=[text/html]}" onto public org.springframework.web.servlet.ModelAndView org.springframework.boot.autoconfigure.web.BasicErrorController.errorHtml(javax.servlet.http.HttpServletRequest,javax.servlet.http.HttpServletResponse)
2017-10-24 23:26:33.603  INFO 61331 --- [main] o.s.w.s.handler.SimpleUrlHandlerMapping  : Mapped URL path [/webjars/**] onto handler of type [class org.springframework.web.servlet.resource.ResourceHttpRequestHandler]
2017-10-24 23:26:33.603  INFO 61331 --- [main] o.s.w.s.handler.SimpleUrlHandlerMapping  : Mapped URL path [/**] onto handler of type [class org.springframework.web.servlet.resource.ResourceHttpRequestHandler]
2017-10-24 23:26:33.628  INFO 61331 --- [main] o.s.w.s.handler.SimpleUrlHandlerMapping  : Mapped URL path [/**/favicon.ico] onto handler of type [class org.springframework.web.servlet.resource.ResourceHttpRequestHandler]
2017-10-24 23:26:33.648  WARN 61331 --- [main] .t.AbstractTemplateResolverConfiguration : Cannot find template location: classpath:/templates/ (please add some templates or check your Thymeleaf configuration)
2017-10-24 23:26:33.995  INFO 61331 --- [main] o.s.j.e.a.AnnotationMBeanExporter        : Registering beans for JMX exposure on startup
2017-10-24 23:26:34.048  INFO 61331 --- [main] s.b.c.e.t.TomcatEmbeddedServletContainer : Tomcat started on port(s): 8080 (http)
2017-10-24 23:26:34.053  INFO 61331 --- [main] c.ebao.scm.devops.DevopsAppApplication   : Started DevopsAppApplication in 3.86 seconds (JVM running for 4.445)
2017-10-24 23:26:39.670  INFO 61331 --- [http-nio-8080-exec-1] o.a.c.c.C.[Tomcat].[localhost].[/]       : Initializing Spring FrameworkServlet 'dispatcherServlet'
2017-10-24 23:26:39.670  INFO 61331 --- [http-nio-8080-exec-1] o.s.web.servlet.DispatcherServlet        : FrameworkServlet 'dispatcherServlet': initialization started
2017-10-24 23:26:39.684  INFO 61331 --- [http-nio-8080-exec-1] o.s.web.servlet.DispatcherServlet        : FrameworkServlet 'dispatcherServlet': initialization completed in 14 ms
2017-10-24 23:26:39.756  INFO 61331 --- [http-nio-8080-exec-1] jdbc.audit                               : 19. PreparedStatement.new PreparedStatement returned 
2017-10-24 23:26:39.756  INFO 61331 --- [http-nio-8080-exec-1] jdbc.audit                               : 19. Connection.prepareStatement(select person0_.id as id1_0_, person0_.address as address2_0_, person0_.age as age3_0_, person0_.name as name4_0_ from person person0_ where person0_.address=?) returned net.sf.log4jdbc.sql.jdbcapi.PreparedStatementSpy@390dd5ed
2017-10-24 23:26:39.762  INFO 61331 --- [http-nio-8080-exec-1] jdbc.audit                               : 19. PreparedStatement.setString(1, "南门") returned 
2017-10-24 23:26:39.764  INFO 61331 --- [http-nio-8080-exec-1] jdbc.audit                               : 19. PreparedStatement.isWrapperFor(java.sql.CallableStatement) returned false
2017-10-24 23:26:39.764  INFO 61331 --- [http-nio-8080-exec-1] jdbc.sqlonly                             : select person0_.id as id1_0_, person0_.address as address2_0_, person0_.age as age3_0_, person0_.name 
as name4_0_ from person person0_ where person0_.address='南门' 

2017-10-24 23:26:39.765  INFO 61331 --- [http-nio-8080-exec-1] jdbc.sqltiming                           : select person0_.id as id1_0_, person0_.address as address2_0_, person0_.age as age3_0_, person0_.name 
as name4_0_ from person person0_ where person0_.address='南门' 
 {executed in 1 msec}
2017-10-24 23:26:39.768  INFO 61331 --- [http-nio-8080-exec-1] jdbc.resultset                           : 19. ResultSet.new ResultSet returned 
2017-10-24 23:26:39.768  INFO 61331 --- [http-nio-8080-exec-1] jdbc.audit                               : 19. PreparedStatement.executeQuery() returned net.sf.log4jdbc.sql.jdbcapi.ResultSetSpy@643f901e
2017-10-24 23:26:39.768  INFO 61331 --- [http-nio-8080-exec-1] jdbc.resultset                           : 19. ResultSet.next() returned true
2017-10-24 23:26:39.769  INFO 61331 --- [http-nio-8080-exec-1] jdbc.resultset                           : 19. ResultSet.getString(id1_0_) returned 3
2017-10-24 23:26:39.769  INFO 61331 --- [http-nio-8080-exec-1] jdbc.resultset                           : 19. ResultSet.wasNull() returned false
2017-10-24 23:26:39.773  INFO 61331 --- [http-nio-8080-exec-1] jdbc.resultset                           : 19. ResultSet.getString(address2_0_) returned 南门
2017-10-24 23:26:39.773  INFO 61331 --- [http-nio-8080-exec-1] jdbc.resultset                           : 19. ResultSet.wasNull() returned false
2017-10-24 23:26:39.773  INFO 61331 --- [http-nio-8080-exec-1] jdbc.resultset                           : 19. ResultSet.getInt(age3_0_) returned 7
2017-10-24 23:26:39.773  INFO 61331 --- [http-nio-8080-exec-1] jdbc.resultset                           : 19. ResultSet.wasNull() returned false
2017-10-24 23:26:39.773  INFO 61331 --- [http-nio-8080-exec-1] jdbc.resultset                           : 19. ResultSet.getString(name4_0_) returned dylan
2017-10-24 23:26:39.773  INFO 61331 --- [http-nio-8080-exec-1] jdbc.resultset                           : 19. ResultSet.wasNull() returned false
2017-10-24 23:26:39.775  INFO 61331 --- [http-nio-8080-exec-1] jdbc.resultsettable                      : 
|---|--------|----|------|
|id |address |age |name  |
|---|--------|----|------|
|3  |南门      |7   |dylan |
|---|--------|----|------|

2017-10-24 23:26:39.776  INFO 61331 --- [http-nio-8080-exec-1] jdbc.resultset                           : 19. ResultSet.next() returned false
2017-10-24 23:26:39.778  INFO 61331 --- [http-nio-8080-exec-1] jdbc.resultset                           : 19. ResultSet.close() returned void
2017-10-24 23:26:39.779  INFO 61331 --- [http-nio-8080-exec-1] jdbc.audit                               : 19. PreparedStatement.getMaxRows() returned 0
2017-10-24 23:26:39.779  INFO 61331 --- [http-nio-8080-exec-1] jdbc.audit                               : 19. PreparedStatement.getQueryTimeout() returned 0
2017-10-24 23:26:39.779  INFO 61331 --- [http-nio-8080-exec-1] jdbc.audit                               : 19. PreparedStatement.close() returned 
2017-10-24 23:26:39.780  INFO 61331 --- [http-nio-8080-exec-1] c.e.s.devops.controller.DataController   : This is an info message
2017-10-24 23:26:39.780  WARN 61331 --- [http-nio-8080-exec-1] c.e.s.devops.controller.DataController   : This is a warn message
2017-10-24 23:26:39.780 ERROR 61331 --- [http-nio-8080-exec-1] c.e.s.devops.controller.DataController   : This is an error message
2017-10-24 23:26:39.822  INFO 61331 --- [http-nio-8080-exec-1] jdbc.audit                               : 19. Connection.getWarnings() returned null
2017-10-24 23:26:39.823  INFO 61331 --- [http-nio-8080-exec-1] jdbc.audit                               : 19. Connection.clearWarnings() returned 
2017-10-24 23:27:37.371  INFO 61331 --- [Tomcat JDBC Pool Cleaner[1984697014:1508858792330]] jdbc.connection                          : 20. Connection closed
2017-10-24 23:27:37.371  INFO 61331 --- [Tomcat JDBC Pool Cleaner[1984697014:1508858792330]] jdbc.audit                               : 20. Connection.close() returned 
2017-10-24 23:27:37.372  INFO 61331 --- [Tomcat JDBC Pool Cleaner[1984697014:1508858792330]] jdbc.connection                          : 18. Connection closed
2017-10-24 23:27:37.372  INFO 61331 --- [Tomcat JDBC Pool Cleaner[1984697014:1508858792330]] jdbc.audit                               : 18. Connection.close() returned 
2017-10-24 23:27:37.373  INFO 61331 --- [Tomcat JDBC Pool Cleaner[1984697014:1508858792330]] jdbc.connection                          : 17. Connection closed
2017-10-24 23:27:37.373  INFO 61331 --- [Tomcat JDBC Pool Cleaner[1984697014:1508858792330]] jdbc.audit                               : 17. Connection.close() returned 
2017-10-24 23:27:37.373  INFO 61331 --- [Tomcat JDBC Pool Cleaner[1984697014:1508858792330]] jdbc.connection                          : 16. Connection closed
2017-10-24 23:27:37.374  INFO 61331 --- [Tomcat JDBC Pool Cleaner[1984697014:1508858792330]] jdbc.audit                               : 16. Connection.close() returned 
2017-10-24 23:27:37.374  INFO 61331 --- [Tomcat JDBC Pool Cleaner[1984697014:1508858792330]] jdbc.connection                          : 15. Connection closed
2017-10-24 23:27:37.374  INFO 61331 --- [Tomcat JDBC Pool Cleaner[1984697014:1508858792330]] jdbc.audit                               : 15. Connection.close() returned 
2017-10-24 23:27:37.374  INFO 61331 --- [Tomcat JDBC Pool Cleaner[1984697014:1508858792330]] jdbc.connection                          : 14. Connection closed
2017-10-24 23:27:37.374  INFO 61331 --- [Tomcat JDBC Pool Cleaner[1984697014:1508858792330]] jdbc.audit                               : 14. Connection.close() returned 
2017-10-24 23:27:37.375  INFO 61331 --- [Tomcat JDBC Pool Cleaner[1984697014:1508858792330]] jdbc.connection                          : 13. Connection closed
2017-10-24 23:27:37.375  INFO 61331 --- [Tomcat JDBC Pool Cleaner[1984697014:1508858792330]] jdbc.audit                               : 13. Connection.close() returned 
2017-10-24 23:27:37.375  INFO 61331 --- [Tomcat JDBC Pool Cleaner[1984697014:1508858792330]] jdbc.connection                          : 12. Connection closed
2017-10-24 23:27:37.375  INFO 61331 --- [Tomcat JDBC Pool Cleaner[1984697014:1508858792330]] jdbc.audit                               : 12. Connection.close() returned 
2017-10-24 23:27:37.375  INFO 61331 --- [Tomcat JDBC Pool Cleaner[1984697014:1508858792330]] jdbc.connection                          : 11. Connection closed
2017-10-24 23:27:37.375  INFO 61331 --- [Tomcat JDBC Pool Cleaner[1984697014:1508858792330]] jdbc.audit                               : 11. Connection.close() returned 
2017-10-24 23:27:37.375  INFO 61331 --- [Tomcat JDBC Pool Cleaner[1984697014:1508858792330]] jdbc.connection                          : 10. Connection closed
2017-10-24 23:27:37.376  INFO 61331 --- [Tomcat JDBC Pool Cleaner[1984697014:1508858792330]] jdbc.audit                               : 10. Connection.close() returned 
2017-10-24 23:30:17.676  INFO 61331 --- [Thread-12] ationConfigEmbeddedWebApplicationContext : Closing org.springframework.boot.context.embedded.AnnotationConfigEmbeddedWebApplicationContext@3ee0fea4: startup date [Tue Oct 24 23:26:30 CST 2017]; root of context hierarchy
2017-10-24 23:30:17.678  INFO 61331 --- [Thread-12] o.s.j.e.a.AnnotationMBeanExporter        : Unregistering JMX-exposed beans on shutdown
2017-10-24 23:30:17.679  INFO 61331 --- [Thread-12] j.LocalContainerEntityManagerFactoryBean : Closing JPA EntityManagerFactory for persistence unit 'default'
2017-10-24 23:30:17.685  INFO 61331 --- [Thread-12] jdbc.connection                          : 19. Connection closed
2017-10-24 23:30:17.686  INFO 61331 --- [Thread-12] jdbc.audit                               : 19. Connection.close() returned 
2017-10-24 23:30:17.686  INFO 61331 --- [Thread-12] jdbc.connection                          : 9. Connection closed
2017-10-24 23:30:17.686  INFO 61331 --- [Thread-12] jdbc.audit                               : 9. Connection.close() returned 
2017-10-24 23:30:17.686  INFO 61331 --- [Thread-12] jdbc.connection                          : 8. Connection closed
2017-10-24 23:30:17.686  INFO 61331 --- [Thread-12] jdbc.audit                               : 8. Connection.close() returned 
2017-10-24 23:30:17.686  INFO 61331 --- [Thread-12] jdbc.connection                          : 7. Connection closed
2017-10-24 23:30:17.686  INFO 61331 --- [Thread-12] jdbc.audit                               : 7. Connection.close() returned 
2017-10-24 23:30:17.686  INFO 61331 --- [Thread-12] jdbc.connection                          : 6. Connection closed
2017-10-24 23:30:17.686  INFO 61331 --- [Thread-12] jdbc.audit                               : 6. Connection.close() returned 
2017-10-24 23:30:17.687  INFO 61331 --- [Thread-12] jdbc.connection                          : 5. Connection closed
2017-10-24 23:30:17.687  INFO 61331 --- [Thread-12] jdbc.audit                               : 5. Connection.close() returned 
2017-10-24 23:30:17.687  INFO 61331 --- [Thread-12] jdbc.connection                          : 4. Connection closed
2017-10-24 23:30:17.687  INFO 61331 --- [Thread-12] jdbc.audit                               : 4. Connection.close() returned 
2017-10-24 23:30:17.687  INFO 61331 --- [Thread-12] jdbc.connection                          : 3. Connection closed
2017-10-24 23:30:17.687  INFO 61331 --- [Thread-12] jdbc.audit                               : 3. Connection.close() returned 
2017-10-24 23:30:17.687  INFO 61331 --- [Thread-12] jdbc.connection                          : 2. Connection closed
2017-10-24 23:30:17.687  INFO 61331 --- [Thread-12] jdbc.audit                               : 2. Connection.close() returned 
2017-10-24 23:30:17.687  INFO 61331 --- [Thread-12] jdbc.connection                          : 1. Connection closed
2017-10-24 23:30:17.687  INFO 61331 --- [Thread-12] jdbc.audit                               : 1. Connection.close() returned 
2017-10-24 23:30:22.422  INFO 61336 --- [main] c.ebao.scm.devops.DevopsAppApplication   : Starting DevopsAppApplication on anchenlins-mbp with PID 61336 (/Users/anchenlin/Documents/dev/IdeaProjects/scm/devops-app/target/classes started by anchenlin in /Users/anchenlin/Documents/dev/IdeaProjects/scm/devops-app)
2017-10-24 23:30:22.424  INFO 61336 --- [main] c.ebao.scm.devops.DevopsAppApplication   : No active profile set, falling back to default profiles: default
2017-10-24 23:30:22.553  INFO 61336 --- [main] ationConfigEmbeddedWebApplicationContext : Refreshing org.springframework.boot.context.embedded.AnnotationConfigEmbeddedWebApplicationContext@1f3f4916: startup date [Tue Oct 24 23:30:22 CST 2017]; root of context hierarchy
2017-10-24 23:30:23.438  INFO 61336 --- [main] s.b.c.e.t.TomcatEmbeddedServletContainer : Tomcat initialized with port(s): 8080 (http)
2017-10-24 23:30:23.448  INFO 61336 --- [main] o.apache.catalina.core.StandardService   : Starting service [Tomcat]
2017-10-24 23:30:23.449  INFO 61336 --- [main] org.apache.catalina.core.StandardEngine  : Starting Servlet Engine: Apache Tomcat/8.5.23
2017-10-24 23:30:23.523  INFO 61336 --- [localhost-startStop-1] o.a.c.c.C.[Tomcat].[localhost].[/]       : Initializing Spring embedded WebApplicationContext
2017-10-24 23:30:23.523  INFO 61336 --- [localhost-startStop-1] o.s.web.context.ContextLoader            : Root WebApplicationContext: initialization completed in 972 ms
2017-10-24 23:30:23.629  INFO 61336 --- [localhost-startStop-1] o.s.b.w.servlet.ServletRegistrationBean  : Mapping servlet: 'dispatcherServlet' to [/]
2017-10-24 23:30:23.632  INFO 61336 --- [localhost-startStop-1] o.s.b.w.servlet.FilterRegistrationBean   : Mapping filter: 'characterEncodingFilter' to: [/*]
2017-10-24 23:30:23.632  INFO 61336 --- [localhost-startStop-1] o.s.b.w.servlet.FilterRegistrationBean   : Mapping filter: 'hiddenHttpMethodFilter' to: [/*]
2017-10-24 23:30:23.632  INFO 61336 --- [localhost-startStop-1] o.s.b.w.servlet.FilterRegistrationBean   : Mapping filter: 'httpPutFormContentFilter' to: [/*]
2017-10-24 23:30:23.632  INFO 61336 --- [localhost-startStop-1] o.s.b.w.servlet.FilterRegistrationBean   : Mapping filter: 'requestContextFilter' to: [/*]
2017-10-24 23:30:23.923  WARN 61336 --- [main] o.a.tomcat.jdbc.pool.ConnectionPool      : maxIdle is larger than maxActive, setting maxIdle to: 100
2017-10-24 23:30:24.128  INFO 61336 --- [main] jdbc.connection                          : 1. Connection opened
2017-10-24 23:30:24.129  INFO 61336 --- [main] jdbc.audit                               : 1. Connection.new Connection returned 
2017-10-24 23:30:24.140  INFO 61336 --- [main] jdbc.connection                          : 2. Connection opened
2017-10-24 23:30:24.140  INFO 61336 --- [main] jdbc.audit                               : 2. Connection.new Connection returned 
2017-10-24 23:30:24.149  INFO 61336 --- [main] jdbc.connection                          : 3. Connection opened
2017-10-24 23:30:24.150  INFO 61336 --- [main] jdbc.audit                               : 3. Connection.new Connection returned 
2017-10-24 23:30:24.156  INFO 61336 --- [main] jdbc.connection                          : 4. Connection opened
2017-10-24 23:30:24.156  INFO 61336 --- [main] jdbc.audit                               : 4. Connection.new Connection returned 
2017-10-24 23:30:24.165  INFO 61336 --- [main] jdbc.connection                          : 5. Connection opened
2017-10-24 23:30:24.165  INFO 61336 --- [main] jdbc.audit                               : 5. Connection.new Connection returned 
2017-10-24 23:30:24.171  INFO 61336 --- [main] jdbc.connection                          : 6. Connection opened
2017-10-24 23:30:24.171  INFO 61336 --- [main] jdbc.audit                               : 6. Connection.new Connection returned 
2017-10-24 23:30:24.176  INFO 61336 --- [main] jdbc.connection                          : 7. Connection opened
2017-10-24 23:30:24.176  INFO 61336 --- [main] jdbc.audit                               : 7. Connection.new Connection returned 
2017-10-24 23:30:24.183  INFO 61336 --- [main] jdbc.connection                          : 8. Connection opened
2017-10-24 23:30:24.183  INFO 61336 --- [main] jdbc.audit                               : 8. Connection.new Connection returned 
2017-10-24 23:30:24.189  INFO 61336 --- [main] jdbc.connection                          : 9. Connection opened
2017-10-24 23:30:24.189  INFO 61336 --- [main] jdbc.audit                               : 9. Connection.new Connection returned 
2017-10-24 23:30:24.195  INFO 61336 --- [main] jdbc.connection                          : 10. Connection opened
2017-10-24 23:30:24.195  INFO 61336 --- [main] jdbc.audit                               : 10. Connection.new Connection returned 
2017-10-24 23:30:24.201  INFO 61336 --- [main] jdbc.connection                          : 11. Connection opened
2017-10-24 23:30:24.201  INFO 61336 --- [main] jdbc.audit                               : 11. Connection.new Connection returned 
2017-10-24 23:30:24.206  INFO 61336 --- [main] jdbc.connection                          : 12. Connection opened
2017-10-24 23:30:24.207  INFO 61336 --- [main] jdbc.audit                               : 12. Connection.new Connection returned 
2017-10-24 23:30:24.216  INFO 61336 --- [main] jdbc.connection                          : 13. Connection opened
2017-10-24 23:30:24.216  INFO 61336 --- [main] jdbc.audit                               : 13. Connection.new Connection returned 
2017-10-24 23:30:24.223  INFO 61336 --- [main] jdbc.connection                          : 14. Connection opened
2017-10-24 23:30:24.223  INFO 61336 --- [main] jdbc.audit                               : 14. Connection.new Connection returned 
2017-10-24 23:30:24.229  INFO 61336 --- [main] jdbc.connection                          : 15. Connection opened
2017-10-24 23:30:24.229  INFO 61336 --- [main] jdbc.audit                               : 15. Connection.new Connection returned 
2017-10-24 23:30:24.235  INFO 61336 --- [main] jdbc.connection                          : 16. Connection opened
2017-10-24 23:30:24.235  INFO 61336 --- [main] jdbc.audit                               : 16. Connection.new Connection returned 
2017-10-24 23:30:24.245  INFO 61336 --- [main] jdbc.connection                          : 17. Connection opened
2017-10-24 23:30:24.245  INFO 61336 --- [main] jdbc.audit                               : 17. Connection.new Connection returned 
2017-10-24 23:30:24.252  INFO 61336 --- [main] jdbc.connection                          : 18. Connection opened
2017-10-24 23:30:24.252  INFO 61336 --- [main] jdbc.audit                               : 18. Connection.new Connection returned 
2017-10-24 23:30:24.260  INFO 61336 --- [main] jdbc.connection                          : 19. Connection opened
2017-10-24 23:30:24.260  INFO 61336 --- [main] jdbc.audit                               : 19. Connection.new Connection returned 
2017-10-24 23:30:24.266  INFO 61336 --- [main] jdbc.connection                          : 20. Connection opened
2017-10-24 23:30:24.266  INFO 61336 --- [main] jdbc.audit                               : 20. Connection.new Connection returned 
2017-10-24 23:30:24.271  INFO 61336 --- [main] jdbc.audit                               : 20. Connection.getMetaData() returned com.mysql.jdbc.JDBC4DatabaseMetaData@186cb891
2017-10-24 23:30:24.290  INFO 61336 --- [main] j.LocalContainerEntityManagerFactoryBean : Building JPA container EntityManagerFactory for persistence unit 'default'
2017-10-24 23:30:24.298  INFO 61336 --- [main] o.hibernate.jpa.internal.util.LogHelper  : HHH000204: Processing PersistenceUnitInfo [
	name: default
	...]
2017-10-24 23:30:24.343  INFO 61336 --- [main] org.hibernate.Version                    : HHH000412: Hibernate Core {5.0.12.Final}
2017-10-24 23:30:24.344  INFO 61336 --- [main] org.hibernate.cfg.Environment            : HHH000206: hibernate.properties not found
2017-10-24 23:30:24.345  INFO 61336 --- [main] org.hibernate.cfg.Environment            : HHH000021: Bytecode provider name : javassist
2017-10-24 23:30:24.382  INFO 61336 --- [main] o.hibernate.annotations.common.Version   : HCANN000001: Hibernate Commons Annotations {5.0.1.Final}
2017-10-24 23:30:24.467  INFO 61336 --- [main] jdbc.audit                               : 20. Connection.getMetaData() returned com.mysql.jdbc.JDBC4DatabaseMetaData@421056e5
2017-10-24 23:30:24.471  INFO 61336 --- [main] org.hibernate.dialect.Dialect            : HHH000400: Using dialect: org.hibernate.dialect.MySQL5Dialect
2017-10-24 23:30:24.752  INFO 61336 --- [main] org.hibernate.tool.hbm2ddl.SchemaUpdate  : HHH000228: Running hbm2ddl schema update
2017-10-24 23:30:24.756  INFO 61336 --- [main] jdbc.audit                               : 20. Connection.setAutoCommit(true) returned 
2017-10-24 23:30:24.757  INFO 61336 --- [main] jdbc.audit                               : 20. Statement.new Statement returned 
2017-10-24 23:30:24.757  INFO 61336 --- [main] jdbc.audit                               : 20. Connection.createStatement() returned net.sf.log4jdbc.sql.jdbcapi.StatementSpy@64942607
2017-10-24 23:30:24.759  INFO 61336 --- [main] jdbc.audit                               : 19. Connection.getMetaData() returned com.mysql.jdbc.JDBC4DatabaseMetaData@497d4c96
2017-10-24 23:30:24.774  INFO 61336 --- [main] jdbc.audit                               : 20. Statement.close() returned 
2017-10-24 23:30:24.777  INFO 61336 --- [main] o.h.h.i.QueryTranslatorFactoryInitiator  : HHH000397: Using ASTQueryTranslatorFactory
2017-10-24 23:30:24.829  INFO 61336 --- [main] j.LocalContainerEntityManagerFactoryBean : Initialized JPA EntityManagerFactory for persistence unit 'default'
2017-10-24 23:30:25.183  INFO 61336 --- [main] s.w.s.m.m.a.RequestMappingHandlerAdapter : Looking for @ControllerAdvice: org.springframework.boot.context.embedded.AnnotationConfigEmbeddedWebApplicationContext@1f3f4916: startup date [Tue Oct 24 23:30:22 CST 2017]; root of context hierarchy
2017-10-24 23:30:25.217  INFO 61336 --- [main] s.w.s.m.m.a.RequestMappingHandlerMapping : Mapped "{[/]}" onto private java.lang.String com.ebao.scm.devops.DevopsAppApplication.index(java.lang.String)
2017-10-24 23:30:25.218  INFO 61336 --- [main] s.w.s.m.m.a.RequestMappingHandlerMapping : Mapped "{[/save]}" onto public com.ebao.scm.devops.model.Person com.ebao.scm.devops.controller.DataController.save(java.lang.String,java.lang.String,java.lang.Integer)
2017-10-24 23:30:25.219  INFO 61336 --- [main] s.w.s.m.m.a.RequestMappingHandlerMapping : Mapped "{[/sort]}" onto public java.util.List<com.ebao.scm.devops.model.Person> com.ebao.scm.devops.controller.DataController.sort()
2017-10-24 23:30:25.219  INFO 61336 --- [main] s.w.s.m.m.a.RequestMappingHandlerMapping : Mapped "{[/q1]}" onto public java.util.List<com.ebao.scm.devops.model.Person> com.ebao.scm.devops.controller.DataController.q1(java.lang.String)
2017-10-24 23:30:25.219  INFO 61336 --- [main] s.w.s.m.m.a.RequestMappingHandlerMapping : Mapped "{[/q2]}" onto public com.ebao.scm.devops.model.Person com.ebao.scm.devops.controller.DataController.q2(java.lang.String,java.lang.String)
2017-10-24 23:30:25.219  INFO 61336 --- [main] s.w.s.m.m.a.RequestMappingHandlerMapping : Mapped "{[/q3]}" onto public com.ebao.scm.devops.model.Person com.ebao.scm.devops.controller.DataController.q3(java.lang.String,java.lang.String)
2017-10-24 23:30:25.219  INFO 61336 --- [main] s.w.s.m.m.a.RequestMappingHandlerMapping : Mapped "{[/q4]}" onto public java.util.List<com.ebao.scm.devops.model.Person> com.ebao.scm.devops.controller.DataController.q4(java.lang.String,java.lang.String)
2017-10-24 23:30:25.219  INFO 61336 --- [main] s.w.s.m.m.a.RequestMappingHandlerMapping : Mapped "{[/page]}" onto public org.springframework.data.domain.Page<com.ebao.scm.devops.model.Person> com.ebao.scm.devops.controller.DataController.page()
2017-10-24 23:30:25.221  INFO 61336 --- [main] s.w.s.m.m.a.RequestMappingHandlerMapping : Mapped "{[/error]}" onto public org.springframework.http.ResponseEntity<java.util.Map<java.lang.String, java.lang.Object>> org.springframework.boot.autoconfigure.web.BasicErrorController.error(javax.servlet.http.HttpServletRequest)
2017-10-24 23:30:25.222  INFO 61336 --- [main] s.w.s.m.m.a.RequestMappingHandlerMapping : Mapped "{[/error],produces=[text/html]}" onto public org.springframework.web.servlet.ModelAndView org.springframework.boot.autoconfigure.web.BasicErrorController.errorHtml(javax.servlet.http.HttpServletRequest,javax.servlet.http.HttpServletResponse)
2017-10-24 23:30:25.243  INFO 61336 --- [main] o.s.w.s.handler.SimpleUrlHandlerMapping  : Mapped URL path [/webjars/**] onto handler of type [class org.springframework.web.servlet.resource.ResourceHttpRequestHandler]
2017-10-24 23:30:25.243  INFO 61336 --- [main] o.s.w.s.handler.SimpleUrlHandlerMapping  : Mapped URL path [/**] onto handler of type [class org.springframework.web.servlet.resource.ResourceHttpRequestHandler]
2017-10-24 23:30:25.268  INFO 61336 --- [main] o.s.w.s.handler.SimpleUrlHandlerMapping  : Mapped URL path [/**/favicon.ico] onto handler of type [class org.springframework.web.servlet.resource.ResourceHttpRequestHandler]
2017-10-24 23:30:25.289  WARN 61336 --- [main] .t.AbstractTemplateResolverConfiguration : Cannot find template location: classpath:/templates/ (please add some templates or check your Thymeleaf configuration)
2017-10-24 23:30:25.636  INFO 61336 --- [main] o.s.j.e.a.AnnotationMBeanExporter        : Registering beans for JMX exposure on startup
2017-10-24 23:30:25.673  INFO 61336 --- [main] s.b.c.e.t.TomcatEmbeddedServletContainer : Tomcat started on port(s): 8080 (http)
2017-10-24 23:30:25.676  INFO 61336 --- [main] c.ebao.scm.devops.DevopsAppApplication   : Started DevopsAppApplication in 3.502 seconds (JVM running for 6.951)
2017-10-24 23:30:31.828  INFO 61336 --- [http-nio-8080-exec-1] o.a.c.c.C.[Tomcat].[localhost].[/]       : Initializing Spring FrameworkServlet 'dispatcherServlet'
2017-10-24 23:30:31.828  INFO 61336 --- [http-nio-8080-exec-1] o.s.web.servlet.DispatcherServlet        : FrameworkServlet 'dispatcherServlet': initialization started
2017-10-24 23:30:31.838  INFO 61336 --- [http-nio-8080-exec-1] o.s.web.servlet.DispatcherServlet        : FrameworkServlet 'dispatcherServlet': initialization completed in 10 ms
2017-10-24 23:30:31.877  INFO 61336 --- [http-nio-8080-exec-1] jdbc.audit                               : 19. PreparedStatement.new PreparedStatement returned 
2017-10-24 23:30:31.877  INFO 61336 --- [http-nio-8080-exec-1] jdbc.audit                               : 19. Connection.prepareStatement(select person0_.id as id1_0_, person0_.address as address2_0_, person0_.age as age3_0_, person0_.name as name4_0_ from person person0_ where person0_.address=?) returned net.sf.log4jdbc.sql.jdbcapi.PreparedStatementSpy@5a36d1f
2017-10-24 23:30:31.882  INFO 61336 --- [http-nio-8080-exec-1] jdbc.audit                               : 19. PreparedStatement.setString(1, "南门") returned 
2017-10-24 23:30:31.883  INFO 61336 --- [http-nio-8080-exec-1] jdbc.audit                               : 19. PreparedStatement.isWrapperFor(java.sql.CallableStatement) returned false
2017-10-24 23:30:31.884  INFO 61336 --- [http-nio-8080-exec-1] jdbc.sqlonly                             : select person0_.id as id1_0_, person0_.address as address2_0_, person0_.age as age3_0_, person0_.name 
as name4_0_ from person person0_ where person0_.address='南门' 

2017-10-24 23:30:31.884  INFO 61336 --- [http-nio-8080-exec-1] jdbc.sqltiming                           : select person0_.id as id1_0_, person0_.address as address2_0_, person0_.age as age3_0_, person0_.name 
as name4_0_ from person person0_ where person0_.address='南门' 
 {executed in 0 msec}
2017-10-24 23:30:31.887  INFO 61336 --- [http-nio-8080-exec-1] jdbc.resultset                           : 19. ResultSet.new ResultSet returned 
2017-10-24 23:30:31.887  INFO 61336 --- [http-nio-8080-exec-1] jdbc.audit                               : 19. PreparedStatement.executeQuery() returned net.sf.log4jdbc.sql.jdbcapi.ResultSetSpy@3185623b
2017-10-24 23:30:31.887  INFO 61336 --- [http-nio-8080-exec-1] jdbc.resultset                           : 19. ResultSet.next() returned true
2017-10-24 23:30:31.888  INFO 61336 --- [http-nio-8080-exec-1] jdbc.resultset                           : 19. ResultSet.getString(id1_0_) returned 3
2017-10-24 23:30:31.888  INFO 61336 --- [http-nio-8080-exec-1] jdbc.resultset                           : 19. ResultSet.wasNull() returned false
2017-10-24 23:30:31.891  INFO 61336 --- [http-nio-8080-exec-1] jdbc.resultset                           : 19. ResultSet.getString(address2_0_) returned 南门
2017-10-24 23:30:31.891  INFO 61336 --- [http-nio-8080-exec-1] jdbc.resultset                           : 19. ResultSet.wasNull() returned false
2017-10-24 23:30:31.891  INFO 61336 --- [http-nio-8080-exec-1] jdbc.resultset                           : 19. ResultSet.getInt(age3_0_) returned 7
2017-10-24 23:30:31.892  INFO 61336 --- [http-nio-8080-exec-1] jdbc.resultset                           : 19. ResultSet.wasNull() returned false
2017-10-24 23:30:31.892  INFO 61336 --- [http-nio-8080-exec-1] jdbc.resultset                           : 19. ResultSet.getString(name4_0_) returned dylan
2017-10-24 23:30:31.892  INFO 61336 --- [http-nio-8080-exec-1] jdbc.resultset                           : 19. ResultSet.wasNull() returned false
2017-10-24 23:30:31.893  INFO 61336 --- [http-nio-8080-exec-1] jdbc.resultsettable                      : 
|---|--------|----|------|
|id |address |age |name  |
|---|--------|----|------|
|3  |南门      |7   |dylan |
|---|--------|----|------|

2017-10-24 23:30:31.893  INFO 61336 --- [http-nio-8080-exec-1] jdbc.resultset                           : 19. ResultSet.next() returned false
2017-10-24 23:30:31.895  INFO 61336 --- [http-nio-8080-exec-1] jdbc.resultset                           : 19. ResultSet.close() returned void
2017-10-24 23:30:31.895  INFO 61336 --- [http-nio-8080-exec-1] jdbc.audit                               : 19. PreparedStatement.getMaxRows() returned 0
2017-10-24 23:30:31.895  INFO 61336 --- [http-nio-8080-exec-1] jdbc.audit                               : 19. PreparedStatement.getQueryTimeout() returned 0
2017-10-24 23:30:31.895  INFO 61336 --- [http-nio-8080-exec-1] jdbc.audit                               : 19. PreparedStatement.close() returned 
2017-10-24 23:30:31.896 DEBUG 61336 --- [http-nio-8080-exec-1] c.e.s.devops.controller.DataController   : This is a debug message
2017-10-24 23:30:31.897  INFO 61336 --- [http-nio-8080-exec-1] c.e.s.devops.controller.DataController   : This is an info message
2017-10-24 23:30:31.897  WARN 61336 --- [http-nio-8080-exec-1] c.e.s.devops.controller.DataController   : This is a warn message
2017-10-24 23:30:31.897 ERROR 61336 --- [http-nio-8080-exec-1] c.e.s.devops.controller.DataController   : This is an error message
2017-10-24 23:30:31.942  INFO 61336 --- [http-nio-8080-exec-1] jdbc.audit                               : 19. Connection.getWarnings() returned null
2017-10-24 23:30:31.943  INFO 61336 --- [http-nio-8080-exec-1] jdbc.audit                               : 19. Connection.clearWarnings() returned 
2017-10-24 23:30:59.022  INFO 61336 --- [Thread-11] ationConfigEmbeddedWebApplicationContext : Closing org.springframework.boot.context.embedded.AnnotationConfigEmbeddedWebApplicationContext@1f3f4916: startup date [Tue Oct 24 23:30:22 CST 2017]; root of context hierarchy
2017-10-24 23:30:59.024  INFO 61336 --- [Thread-11] o.s.j.e.a.AnnotationMBeanExporter        : Unregistering JMX-exposed beans on shutdown
2017-10-24 23:30:59.026  INFO 61336 --- [Thread-11] j.LocalContainerEntityManagerFactoryBean : Closing JPA EntityManagerFactory for persistence unit 'default'
2017-10-24 23:30:59.028  INFO 61336 --- [Thread-11] jdbc.connection                          : 19. Connection closed
2017-10-24 23:30:59.028  INFO 61336 --- [Thread-11] jdbc.audit                               : 19. Connection.close() returned 
2017-10-24 23:30:59.028  INFO 61336 --- [Thread-11] jdbc.connection                          : 20. Connection closed
2017-10-24 23:30:59.028  INFO 61336 --- [Thread-11] jdbc.audit                               : 20. Connection.close() returned 
2017-10-24 23:30:59.029  INFO 61336 --- [Thread-11] jdbc.connection                          : 18. Connection closed
2017-10-24 23:30:59.029  INFO 61336 --- [Thread-11] jdbc.audit                               : 18. Connection.close() returned 
2017-10-24 23:30:59.029  INFO 61336 --- [Thread-11] jdbc.connection                          : 17. Connection closed
2017-10-24 23:30:59.029  INFO 61336 --- [Thread-11] jdbc.audit                               : 17. Connection.close() returned 
2017-10-24 23:30:59.029  INFO 61336 --- [Thread-11] jdbc.connection                          : 16. Connection closed
2017-10-24 23:30:59.029  INFO 61336 --- [Thread-11] jdbc.audit                               : 16. Connection.close() returned 
2017-10-24 23:30:59.029  INFO 61336 --- [Thread-11] jdbc.connection                          : 15. Connection closed
2017-10-24 23:30:59.029  INFO 61336 --- [Thread-11] jdbc.audit                               : 15. Connection.close() returned 
2017-10-24 23:30:59.029  INFO 61336 --- [Thread-11] jdbc.connection                          : 14. Connection closed
2017-10-24 23:30:59.029  INFO 61336 --- [Thread-11] jdbc.audit                               : 14. Connection.close() returned 
2017-10-24 23:30:59.030  INFO 61336 --- [Thread-11] jdbc.connection                          : 13. Connection closed
2017-10-24 23:30:59.030  INFO 61336 --- [Thread-11] jdbc.audit                               : 13. Connection.close() returned 
2017-10-24 23:30:59.030  INFO 61336 --- [Thread-11] jdbc.connection                          : 12. Connection closed
2017-10-24 23:30:59.030  INFO 61336 --- [Thread-11] jdbc.audit                               : 12. Connection.close() returned 
2017-10-24 23:30:59.030  INFO 61336 --- [Thread-11] jdbc.connection                          : 11. Connection closed
2017-10-24 23:30:59.030  INFO 61336 --- [Thread-11] jdbc.audit                               : 11. Connection.close() returned 
2017-10-24 23:30:59.030  INFO 61336 --- [Thread-11] jdbc.connection                          : 10. Connection closed
2017-10-24 23:30:59.030  INFO 61336 --- [Thread-11] jdbc.audit                               : 10. Connection.close() returned 
2017-10-24 23:30:59.030  INFO 61336 --- [Thread-11] jdbc.connection                          : 9. Connection closed
2017-10-24 23:30:59.030  INFO 61336 --- [Thread-11] jdbc.audit                               : 9. Connection.close() returned 
2017-10-24 23:30:59.031  INFO 61336 --- [Thread-11] jdbc.connection                          : 8. Connection closed
2017-10-24 23:30:59.031  INFO 61336 --- [Thread-11] jdbc.audit                               : 8. Connection.close() returned 
2017-10-24 23:30:59.031  INFO 61336 --- [Thread-11] jdbc.connection                          : 7. Connection closed
2017-10-24 23:30:59.031  INFO 61336 --- [Thread-11] jdbc.audit                               : 7. Connection.close() returned 
2017-10-24 23:30:59.031  INFO 61336 --- [Thread-11] jdbc.connection                          : 6. Connection closed
2017-10-24 23:30:59.031  INFO 61336 --- [Thread-11] jdbc.audit                               : 6. Connection.close() returned 
2017-10-24 23:30:59.031  INFO 61336 --- [Thread-11] jdbc.connection                          : 5. Connection closed
2017-10-24 23:30:59.031  INFO 61336 --- [Thread-11] jdbc.audit                               : 5. Connection.close() returned 
2017-10-24 23:30:59.031  INFO 61336 --- [Thread-11] jdbc.connection                          : 4. Connection closed
2017-10-24 23:30:59.031  INFO 61336 --- [Thread-11] jdbc.audit                               : 4. Connection.close() returned 
2017-10-24 23:30:59.031  INFO 61336 --- [Thread-11] jdbc.connection                          : 3. Connection closed
2017-10-24 23:30:59.031  INFO 61336 --- [Thread-11] jdbc.audit                               : 3. Connection.close() returned 
2017-10-24 23:30:59.031  INFO 61336 --- [Thread-11] jdbc.connection                          : 2. Connection closed
2017-10-24 23:30:59.031  INFO 61336 --- [Thread-11] jdbc.audit                               : 2. Connection.close() returned 
2017-10-24 23:30:59.031  INFO 61336 --- [Thread-11] jdbc.connection                          : 1. Connection closed
2017-10-24 23:30:59.031  INFO 61336 --- [Thread-11] jdbc.audit                               : 1. Connection.close() returned 
